TN:
SF:script/avalanche/portals/router/PortalsRouter.s.sol
FN:15,PortalsRouterDeployer.run
FNDA:0,PortalsRouterDeployer.run
DA:16,0
DA:18,0
DA:19,0
DA:20,0
DA:22,0
DA:24,0
DA:25,0
DA:29,0
DA:30,0
DA:32,0
DA:34,0
FNF:1
FNH:0
LF:11
LH:0
BRF:0
BRH:0
end_of_record
TN:
SF:script/avalanche/uniswap/UniswapV2Portal.s.sol
FN:13,UniswapV2PortalDeployer.run
FNDA:0,UniswapV2PortalDeployer.run
DA:14,0
DA:16,0
DA:17,0
DA:18,0
DA:20,0
DA:22,0
DA:23,0
DA:24,0
DA:28,0
FNF:1
FNH:0
LF:9
LH:0
BRF:0
BRH:0
end_of_record
TN:
SF:script/fantom/portals/router/PortalsRouter.s.sol
FN:15,PortalsRouterDeployer.run
FNDA:0,PortalsRouterDeployer.run
DA:16,0
DA:18,0
DA:19,0
DA:20,0
DA:22,0
DA:24,0
DA:25,0
DA:29,0
DA:30,0
DA:32,0
DA:34,0
FNF:1
FNH:0
LF:11
LH:0
BRF:0
BRH:0
end_of_record
TN:
SF:script/fantom/uniswap/UniswapV2Portal.s.sol
FN:13,UniswapV2PortalDeployer.run
FNDA:0,UniswapV2PortalDeployer.run
DA:14,0
DA:16,0
DA:17,0
DA:18,0
DA:20,0
DA:22,0
DA:23,0
DA:24,0
DA:28,0
FNF:1
FNH:0
LF:9
LH:0
BRF:0
BRH:0
end_of_record
TN:
SF:script/polygon/balancer/BalancerV2Portal.s.sol
FN:13,BalancerV2PortalDeployer.run
FNDA:0,BalancerV2PortalDeployer.run
DA:14,0
DA:16,0
DA:17,0
DA:18,0
DA:20,0
DA:22,0
DA:23,0
DA:24,0
DA:28,0
FNF:1
FNH:0
LF:9
LH:0
BRF:0
BRH:0
end_of_record
TN:
SF:script/polygon/portals/router/PortalsRouter.s.sol
FN:15,PortalsRouterDeployer.run
FNDA:0,PortalsRouterDeployer.run
DA:16,0
DA:18,0
DA:19,0
DA:20,0
DA:22,0
DA:24,0
DA:25,0
DA:29,0
DA:30,0
DA:32,0
DA:34,0
FNF:1
FNH:0
LF:11
LH:0
BRF:0
BRH:0
end_of_record
TN:
SF:script/polygon/uniswap/UniswapV2Portal.s.sol
FN:13,UniswapV2PortalDeployer.run
FNDA:0,UniswapV2PortalDeployer.run
DA:14,0
DA:16,0
DA:17,0
DA:18,0
DA:20,0
DA:22,0
DA:23,0
DA:24,0
DA:28,0
FNF:1
FNH:0
LF:9
LH:0
BRF:0
BRH:0
end_of_record
TN:
SF:src/balancer/BalancerV2Portal.sol
FN:34,BalancerV2Portal.portalIn
FNDA:2,BalancerV2Portal.portalIn
DA:43,2
DA:45,2
DA:46,2
DA:48,2
DA:50,2
DA:52,2
FN:73,BalancerV2Portal.portalOut
FNDA:1,BalancerV2Portal.portalOut
DA:82,1
DA:84,1
DA:86,1
DA:88,1
DA:90,1
FN:107,BalancerV2Portal._transferFromCaller
FNDA:3,BalancerV2Portal._transferFromCaller
DA:112,3
BRDA:112,0,0,-
BRDA:112,0,1,-
DA:113,0
BRDA:113,1,0,-
BRDA:113,1,1,-
DA:114,0
DA:117,3
BRDA:117,2,0,-
BRDA:117,2,1,3
DA:121,3
DA:125,3
FN:131,BalancerV2Portal._approve
FNDA:3,BalancerV2Portal._approve
DA:132,3
DA:133,3
BRDA:133,3,0,3
BRDA:133,3,1,3
DA:134,3
FN:139,BalancerV2Portal.pause
FNDA:0,BalancerV2Portal.pause
DA:140,0
FN:144,BalancerV2Portal.unpause
FNDA:0,BalancerV2Portal.unpause
DA:145,0
FN:152,BalancerV2Portal.recoverToken
FNDA:0,BalancerV2Portal.recoverToken
DA:157,0
BRDA:157,4,0,-
BRDA:157,4,1,-
DA:158,0
DA:160,0
FNF:7
FNH:4
LF:25
LH:18
BRF:10
BRH:3
end_of_record
TN:
SF:src/portals/multicall/PortalsMulticall.sol
FN:20,PortalsMulticall.aggregate
FNDA:782,PortalsMulticall.aggregate
DA:26,782
DA:27,1836
DA:28,1836
DA:29,1836
BRDA:29,0,0,8
BRDA:29,0,1,1828
DA:30,8
DA:31,8
DA:33,1828
DA:40,1836
DA:41,1836
DA:42,1836
BRDA:42,1,0,-
BRDA:42,1,1,-
DA:44,0
BRDA:44,2,0,-
BRDA:44,2,1,-
DA:45,0
DA:48,0
DA:50,0
DA:53,1836
FN:61,PortalsMulticall.transferEth
FNDA:1,PortalsMulticall.transferEth
DA:65,1
DA:66,1
BRDA:66,3,0,-
BRDA:66,3,1,1
FN:72,PortalsMulticall._setAmount
FNDA:1836,PortalsMulticall._setAmount
DA:77,1836
BRDA:77,4,0,1568
BRDA:77,4,1,1836
FNF:3
FNH:3
LF:18
LH:14
BRF:10
BRH:5
end_of_record
TN:
SF:src/portals/router/PortalsRouter.sol
FN:26,PortalsRouter.portal
FNDA:13,PortalsRouter.portal
DA:30,270
FN:49,PortalsRouter.portalWithPermit
FNDA:257,PortalsRouter.portalWithPermit
DA:54,257
DA:57,257
FN:65,PortalsRouter.portalWithSignature
FNDA:770,PortalsRouter.portalWithSignature
DA:69,771
DA:70,514
FN:89,PortalsRouter.portalWithSignatureAndPermit
FNDA:1,PortalsRouter.portalWithSignatureAndPermit
DA:94,1
DA:100,1
FN:112,PortalsRouter._execute
FNDA:782,PortalsRouter._execute
DA:119,782
DA:121,782
DA:123,782
DA:126,782
BRDA:126,0,0,-
BRDA:126,0,1,782
DA:127,0
DA:132,782
FNF:5
FNH:5
LF:13
LH:12
BRF:2
BRH:1
end_of_record
TN:
SF:src/portals/router/RouterBase.sol
FN:73,RouterBase._transferFromSender
FNDA:784,RouterBase._transferFromSender
DA:78,784
BRDA:78,0,0,1
BRDA:78,0,1,6
DA:79,7
BRDA:79,1,0,1
BRDA:79,1,1,6
DA:82,6
DA:85,777
BRDA:85,2,0,1
BRDA:85,2,1,776
DA:89,776
DA:92,776
FN:99,RouterBase._getBalance
FNDA:1564,RouterBase._getBalance
DA:104,1564
BRDA:104,3,0,2
BRDA:104,3,1,1562
DA:105,2
DA:107,1562
FN:115,RouterBase._verify
FNDA:771,RouterBase._verify
DA:118,771
BRDA:118,4,0,1
BRDA:118,4,1,770
DA:123,770
DA:133,770
DA:144,770
DA:150,770
BRDA:150,5,0,256
BRDA:150,5,1,514
FN:166,RouterBase._permit
FNDA:258,RouterBase._permit
DA:171,258
BRDA:171,6,0,-
BRDA:171,6,1,257
DA:172,258
DA:173,258
DA:174,258
DA:175,258
DA:177,258
DA:178,258
DA:179,258
DA:181,258
BRDA:181,7,0,-
BRDA:181,7,1,1
DA:182,1
DA:193,257
DA:204,0
FN:216,RouterBase.invalidateNextOrder
FNDA:256,RouterBase.invalidateNextOrder
DA:217,256
FN:221,RouterBase.pause
FNDA:6,RouterBase.pause
DA:222,6
FN:226,RouterBase.unpause
FNDA:3,RouterBase.unpause
DA:227,3
FN:232,RouterBase.setMulticall
FNDA:1,RouterBase.setMulticall
DA:236,1
DA:237,1
FN:244,RouterBase.recoverToken
FNDA:1,RouterBase.recoverToken
DA:249,1
BRDA:249,8,0,-
BRDA:249,8,1,1
DA:250,0
DA:252,1
FNF:9
FNH:9
LF:34
LH:32
BRF:18
BRH:15
end_of_record
TN:
SF:src/uniswap/UniswapV2Portal.sol
FN:35,UniswapV2Portal.portalIn
FNDA:2,UniswapV2Portal.portalIn
DA:42,2
DA:44,2
FN:53,UniswapV2Portal._deposit
FNDA:2,UniswapV2Portal._deposit
DA:60,2
DA:62,2
DA:64,2
DA:65,2
DA:66,2
DA:67,2
DA:69,2
BRDA:69,0,0,-
BRDA:69,0,1,2
DA:70,2
DA:71,2
BRDA:71,1,0,-
BRDA:71,1,1,2
DA:73,2
DA:76,2
DA:78,0
DA:79,0
BRDA:79,2,0,-
BRDA:79,2,1,-
DA:81,0
DA:84,0
DA:87,2
DA:88,2
DA:90,2
FN:109,UniswapV2Portal._getSwapAmount
FNDA:2,UniswapV2Portal._getSwapAmount
DA:114,2
FN:128,UniswapV2Portal._intraSwap
FNDA:2,UniswapV2Portal._intraSwap
DA:134,2
BRDA:134,3,0,-
BRDA:134,3,1,2
DA:135,0
DA:138,2
DA:140,2
DA:141,2
DA:142,2
DA:144,2
DA:146,2
DA:148,2
DA:156,2
FN:163,UniswapV2Portal._transferFromCaller
FNDA:2,UniswapV2Portal._transferFromCaller
DA:168,2
BRDA:168,4,0,-
BRDA:168,4,1,-
DA:169,0
BRDA:169,5,0,-
BRDA:169,5,1,-
DA:170,0
DA:173,2
BRDA:173,6,0,-
BRDA:173,6,1,2
DA:177,2
DA:181,2
FN:187,UniswapV2Portal._approve
FNDA:6,UniswapV2Portal._approve
DA:188,6
DA:189,6
BRDA:189,7,0,4
BRDA:189,7,1,6
DA:190,4
FN:195,UniswapV2Portal.pause
FNDA:0,UniswapV2Portal.pause
DA:196,0
FN:200,UniswapV2Portal.unpause
FNDA:0,UniswapV2Portal.unpause
DA:201,0
FN:208,UniswapV2Portal.recoverToken
FNDA:0,UniswapV2Portal.recoverToken
DA:213,0
BRDA:213,8,0,-
BRDA:213,8,1,-
DA:214,0
DA:216,0
FNF:9
FNH:6
LF:45
LH:33
BRF:18
BRH:6
end_of_record
TN:
SF:src/uniswap/lib/Babylonian.sol
FN:6,Babylonian.sqrt
FNDA:0,Babylonian.sqrt
DA:7,0
BRDA:7,0,0,-
BRDA:7,0,1,-
DA:8,0
DA:9,0
DA:10,0
DA:11,0
DA:12,0
DA:14,0
BRDA:14,1,0,-
BRDA:14,1,1,-
DA:15,0
FNF:1
FNH:0
LF:8
LH:0
BRF:4
BRH:0
end_of_record
